********************************************************************************
DUPLICATOR-LITE PACKAGE-LOG: 25.09.2023 00:44
NOTICE: Do NOT post to public sites or forums 
********************************************************************************
VERSION:	1.5.5.1
WORDPRESS:	6.3.1
PHP INFO:	7.4.30 | SAPI: apache2handler
SERVER:		Apache 
PHP TIME LIMIT: (0) no time limit imposed 
PHP MAX MEMORY: 4294967296 (1536M default) 
MEMORY STACK: 8MB

********************************************************************************
DATABASE:
********************************************************************************
BUILD MODE:   MYSQLDUMP
MYSQLTIMEOUT: 5000
MYSQLDUMP:    Is Supported
SQL CREATED: 20230918_gregordanelian_68af7020a0c918cc9357_20230925004338_database.sql
SQL FILE SIZE: 1.7MB (1785135)
SQL FILE TIME: 2023-09-25 00:44:58
SQL RUNTIME: 3.89 sec.

********************************************************************************
ARCHIVE (ZIP):
********************************************************************************
ARCHIVE DIR:  C:/OSPanel/domains/danelian
ARCHIVE FILE: 20230918_gregordanelian_68af7020a0c918cc9357_20230925004338_archive.zip
FILTERS: *OFF*
DIRS:
	not set
FILES:
	not set
EXTS:  not set
----------------------------------------
COMPRESSING
SIZE:	110.68MB
STATS:	Dirs 922 | Files 5,650
SQL ADDED: 20230918_gregordanelian_68af7020a0c918cc9357_20230925004338_database.sql
ZipArchive Object
(
    [status] => 0
    [statusSys] => 0
    [numFiles] => 6572
    [filename] => C:\OSPanel\domains\danelian\wp-content\backups-dup-lite\tmp\20230918_gregordanelian_68af7020a0c918cc9357_20230925004338_archive.zip
    [comment] => 
)

FILE ADDED TO ZIP: 6571
COMPRESSION RESULT: '1'
COMPRESSED SIZE: 40.98MB
ARCHIVE RUNTIME: 42.43 sec.
MEMORY STACK: 10MB
building installer
ARCHIVE CONSISTENCY TEST: PASS

********************************************************************************
INTEGRITY CHECKS:
********************************************************************************
SQL FILE: 1.7MB
INSTALLER FILE: 73.48KB
ARCHIVE FILE: 42.84MB 
ОЖИДАЕМОЕ КОЛИЧЕСТВО ФАЙЛОВ/КАТОЛОГ: 6,572
ФАКТИЧЕСКОЕ КОЛИЧЕСТВО ФАЙЛОВ/КАТАЛОГОВ: 6,571
ТЕСТ ЛОГИКИ АРХИВА: Пройден

********************************************************************************
RECORD ID:[3]
TOTAL PROCESS RUNTIME: 49.23 sec.
PEAK PHP MEMORY USED: 12MB
DONE PROCESSING => 20230918_gregordanelian 25.09.2023 00:45

